<?xml version="1.0" encoding="UTF-8"?>
<!-- Generated by org.testng.reporters.JUnitReportReporter -->
<testsuite hostname="LAPTOP-4CH3PME9" failures="0" tests="2" name="Page_Utility.exampledataprovider" time="0.008" errors="0" timestamp="2023-03-15T12:02:24 IST" skipped="0">
  <testcase classname="Page_Utility.exampledataprovider" name="fun" time="0.008"/>
  <system-out/>
  <testcase classname="Page_Utility.exampledataprovider" name="fun" time="0.000"/>
  <system-out/>
</testsuite> <!-- Page_Utility.exampledataprovider -->
