<?xml version="1.0" encoding="UTF-8"?>
<!-- Generated by org.testng.reporters.JUnitReportReporter -->
<testsuite hostname="LAPTOP-4CH3PME9" failures="0" tests="1" name="Page_Utility.dataprovider_datarun" time="0.006" errors="0" timestamp="2023-03-20T11:35:36 IST" skipped="0">
  <testcase classname="Page_Utility.dataprovider_datarun" name="excelreddata" time="0.006"/>
  <system-out/>
</testsuite> <!-- Page_Utility.dataprovider_datarun -->
