<?xml version="1.0" encoding="UTF-8"?>
<!-- Generated by org.testng.reporters.JUnitReportReporter -->
<testsuite hostname="LAPTOP-4CH3PME9" failures="0" tests="1" name="Test_Utility.Radio_Button_Test" time="10.690" errors="0" timestamp="2022-12-06T17:02:43 IST" skipped="0">
  <testcase classname="Test_Utility.Radio_Button_Test" name="clickonRadiobutton" time="10.690"/>
  <system-out/>
</testsuite> <!-- Test_Utility.Radio_Button_Test -->
