<?xml version="1.0" encoding="UTF-8"?>
<!-- Generated by org.testng.reporters.JUnitReportReporter -->
<testsuite hostname="LAPTOP-4CH3PME9" failures="0" tests="1" name="Test_Utility.Browse_window_test" time="4.839" errors="0" timestamp="2022-12-27T23:09:01 IST" skipped="0">
  <testcase classname="Test_Utility.Browse_window_test" name="windowhandle" time="4.839"/>
  <system-out/>
</testsuite> <!-- Test_Utility.Browse_window_test -->
