<?xml version="1.0" encoding="UTF-8"?>
<!-- Generated by org.testng.reporters.JUnitReportReporter -->
<testsuite hostname="LAPTOP-4CH3PME9" failures="0" tests="1" name="Base_Utility.Base_library" time="24.510" errors="0" timestamp="2022-11-24T15:24:54 IST" skipped="0">
  <testcase classname="Base_Utility.Base_library" name="getLauncher" time="24.510"/>
  <system-out/>
</testsuite> <!-- Base_Utility.Base_library -->
