<?xml version="1.0" encoding="UTF-8"?>
<!-- Generated by org.testng.reporters.JUnitReportReporter -->
<testsuite hostname="LAPTOP-4CH3PME9" failures="0" tests="2" name="Test_Utility.menu_test" time="3.671" errors="0" timestamp="2022-12-25T21:16:47 IST" skipped="0">
  <testcase classname="Test_Utility.menu_test" name="mouseoverandclic" time="1.770"/>
  <system-out/>
  <testcase classname="Test_Utility.menu_test" name="mouseoverandclic1" time="1.901"/>
  <system-out/>
</testsuite> <!-- Test_Utility.menu_test -->
