<?xml version="1.0" encoding="UTF-8"?>
<!-- Generated by org.testng.reporters.JUnitReportReporter -->
<testsuite hostname="LAPTOP-4CH3PME9" failures="0" tests="2" name="Test_Utility.upload_and_download_test" time="1.264" errors="0" timestamp="2022-12-23T10:07:29 IST" skipped="0">
  <testcase classname="Test_Utility.upload_and_download_test" name="clickonuploadfile" time="0.079"/>
  <system-out/>
  <testcase classname="Test_Utility.upload_and_download_test" name="clickonuploadfile1" time="1.185"/>
  <system-out/>
</testsuite> <!-- Test_Utility.upload_and_download_test -->
