<?xml version="1.0" encoding="UTF-8"?>
<!-- Generated by org.testng.reporters.JUnitReportReporter -->
<testsuite hostname="LAPTOP-4CH3PME9" failures="0" tests="2" name="Test_Utility.iframe_test" time="2.143" errors="0" timestamp="2022-12-31T17:38:36 IST" skipped="0">
  <testcase classname="Test_Utility.iframe_test" name="changefrmae2" time="0.674"/>
  <system-out/>
  <testcase classname="Test_Utility.iframe_test" name="changefrmae1" time="1.469"/>
  <system-out/>
</testsuite> <!-- Test_Utility.iframe_test -->
