<?xml version="1.0" encoding="UTF-8"?>
<!-- Generated by org.testng.reporters.JUnitReportReporter -->
<testsuite hostname="LAPTOP-4CH3PME9" failures="0" tests="5" name="Test_Utility.test_utiliy_practise" time="10.860" errors="0" timestamp="2022-12-23T16:19:42 IST" skipped="0">
  <testcase classname="Test_Utility.test_utiliy_practise" name="changwindow" time="1.154"/>
  <system-out/>
  <testcase classname="Test_Utility.test_utiliy_practise" name="clickme1" time="0.262"/>
  <system-out/>
  <testcase classname="Test_Utility.test_utiliy_practise" name="clickme2" time="5.090"/>
  <system-out/>
  <testcase classname="Test_Utility.test_utiliy_practise" name="clickme3" time="1.249"/>
  <system-out/>
  <testcase classname="Test_Utility.test_utiliy_practise" name="clickme4" time="3.105"/>
  <system-out/>
</testsuite> <!-- Test_Utility.test_utiliy_practise -->
