<?xml version="1.0" encoding="UTF-8"?>
<!-- Generated by org.testng.reporters.JUnitReportReporter -->
<testsuite hostname="LAPTOP-4CH3PME9" failures="0" tests="3" name="Test_Utility.select_menu_test" time="11.433" errors="0" timestamp="2022-12-22T12:00:51 IST" skipped="0">
  <testcase classname="Test_Utility.select_menu_test" name="selectwidhet" time="11.267"/>
  <system-out/>
  <testcase classname="Test_Utility.select_menu_test" name="selectmenu" time="0.002"/>
  <system-out/>
  <testcase classname="Test_Utility.select_menu_test" name="select" time="0.164"/>
  <system-out/>
</testsuite> <!-- Test_Utility.select_menu_test -->
